09:38:15 **** Incremental Build of configuration Debug for project CPIOng ****
Info: Internal Builder is used for build
arm-atollic-eabi-gcc -c ..\src\main.c -mthumb -mcpu=cortex-m3 -std=gnu11 -DSTM32F10X_CL -DUSE_STDPERIPH_DRIVER -I../src -I../Libraries/STM32F10x_StdPeriph_Driver/inc -I../Libraries/CMSIS/Device/ST/STM32F10x/Include -I../Libraries/CMSIS/Include -O0 -ffunction-sections -fdata-sections -g -fstack-usage -Wall -specs=nano.specs -o src\main.o 
..\src\main.c: In function 'InitInputs':
..\src\main.c:84:2: warning: implicit declaration of function 'InitExtiLine' [-Wimplicit-function-declaration]
  InitExtiLine(EXTI_Line0);
  ^~~~~~~~~~~~
..\src\main.c: At top level:
..\src\main.c:109:6: warning: conflicting types for 'InitExtiLine'
 void InitExtiLine(uint32_t value) {
      ^~~~~~~~~~~~
..\src\main.c:84:2: note: previous implicit declaration of 'InitExtiLine' was here
  InitExtiLine(EXTI_Line0);
  ^~~~~~~~~~~~
..\src\main.c: In function 'main':
..\src\main.c:132:3: warning: implicit declaration of function 'RCC_AHB1PeriphClockCmd' [-Wimplicit-function-declaration]
   RCC_AHB1PeriphClockCmd(RCC_AHB1Periph_GPIOD, ENABLE);
   ^~~~~~~~~~~~~~~~~~~~~~
..\src\main.c:132:26: error: 'RCC_AHB1Periph_GPIOD' undeclared (first use in this function)
   RCC_AHB1PeriphClockCmd(RCC_AHB1Periph_GPIOD, ENABLE);
                          ^~~~~~~~~~~~~~~~~~~~
..\src\main.c:132:26: note: each undeclared identifier is reported only once for each function it appears in
09:38:56 **** Incremental Build of configuration Debug for project CPIOng ****
Info: Internal Builder is used for build
arm-atollic-eabi-gcc -c ..\src\main.c -mthumb -mcpu=cortex-m3 -std=gnu11 -DSTM32F10X_CL -DUSE_STDPERIPH_DRIVER -I../src -I../Libraries/STM32F10x_StdPeriph_Driver/inc -I../Libraries/CMSIS/Device/ST/STM32F10x/Include -I../Libraries/CMSIS/Include -O0 -ffunction-sections -fdata-sections -g -fstack-usage -Wall -specs=nano.specs -o src\main.o 
..\src\main.c: In function 'InitInputs':
..\src\main.c:84:2: warning: implicit declaration of function 'InitExtiLine' [-Wimplicit-function-declaration]
  InitExtiLine(EXTI_Line0);
  ^~~~~~~~~~~~
..\src\main.c: At top level:
..\src\main.c:109:6: warning: conflicting types for 'InitExtiLine'
 void InitExtiLine(uint32_t value) {
      ^~~~~~~~~~~~
..\src\main.c:84:2: note: previous implicit declaration of 'InitExtiLine' was here
  InitExtiLine(EXTI_Line0);
  ^~~~~~~~~~~~
..\src\main.c: In function 'main':
..\src\main.c:130:11: warning: unused variable 'init' [-Wunused-variable]
  uint32_t init = SysTick_Config(SystemCoreClock/7200000);
           ^~~~
arm-atollic-eabi-gcc -o CPIOng.elf Libraries\STM32F10x_StdPeriph_Driver\src\misc.o Libraries\STM32F10x_StdPeriph_Driver\src\stm32f10x_adc.o Libraries\STM32F10x_StdPeriph_Driver\src\stm32f10x_bkp.o Libraries\STM32F10x_StdPeriph_Driver\src\stm32f10x_can.o Libraries\STM32F10x_StdPeriph_Driver\src\stm32f10x_cec.o Libraries\STM32F10x_StdPeriph_Driver\src\stm32f10x_crc.o Libraries\STM32F10x_StdPeriph_Driver\src\stm32f10x_dac.o Libraries\STM32F10x_StdPeriph_Driver\src\stm32f10x_dbgmcu.o Libraries\STM32F10x_StdPeriph_Driver\src\stm32f10x_dma.o Libraries\STM32F10x_StdPeriph_Driver\src\stm32f10x_exti.o Libraries\STM32F10x_StdPeriph_Driver\src\stm32f10x_flash.o Libraries\STM32F10x_StdPeriph_Driver\src\stm32f10x_fsmc.o Libraries\STM32F10x_StdPeriph_Driver\src\stm32f10x_gpio.o Libraries\STM32F10x_StdPeriph_Driver\src\stm32f10x_i2c.o Libraries\STM32F10x_StdPeriph_Driver\src\stm32f10x_iwdg.o Libraries\STM32F10x_StdPeriph_Driver\src\stm32f10x_pwr.o Libraries\STM32F10x_StdPeriph_Driver\src\stm32f10x_rcc.o Libraries\STM32F10x_StdPeriph_Driver\src\stm32f10x_rtc.o Libraries\STM32F10x_StdPeriph_Driver\src\stm32f10x_sdio.o Libraries\STM32F10x_StdPeriph_Driver\src\stm32f10x_spi.o Libraries\STM32F10x_StdPeriph_Driver\src\stm32f10x_tim.o Libraries\STM32F10x_StdPeriph_Driver\src\stm32f10x_usart.o Libraries\STM32F10x_StdPeriph_Driver\src\stm32f10x_wwdg.o src\Can.o src\main.o src\startup_stm32f10x_cl.o src\stm32f1xx_it.o src\system_stm32f10x.o src\tiny_printf.o -mthumb -mcpu=cortex-m3 -T../stm32_flash.ld -specs=nosys.specs -static -Wl,-cref,-u,Reset_Handler -Wl,-Map=CPIOng.map -Wl,--gc-sections -Wl,--defsym=malloc_getpagesize_P=0x80 -Wl,--start-group -lc -lm -Wl,--end-group -specs=nano.specs 
C:\Program Files (x86)\Atollic\TrueSTUDIO for STM32 9.1.0\ide\jre\bin\java -jar C:\Program Files (x86)\Atollic\TrueSTUDIO for STM32 9.1.0\Tools\arm-atollic-reports.jar sizeinfo list CPIOng.elf 
Generate build reports...
Print size information
   text	   data	    bss	    dec	    hex	filename
   7684	     12	    580	   8276	   2054	CPIOng.elf
Print size information done
Generate listing file
Output sent to: CPIOng.list
Generate listing file done
Generate build reports done
09:40:51 **** Incremental Build of configuration Debug for project CPIOng ****
Info: Internal Builder is used for build
arm-atollic-eabi-gcc -c ..\src\main.c -mthumb -mcpu=cortex-m3 -std=gnu11 -DSTM32F10X_CL -DUSE_STDPERIPH_DRIVER -I../src -I../Libraries/STM32F10x_StdPeriph_Driver/inc -I../Libraries/CMSIS/Device/ST/STM32F10x/Include -I../Libraries/CMSIS/Include -O0 -ffunction-sections -fdata-sections -g -fstack-usage -Wall -specs=nano.specs -o src\main.o 
..\src\main.c: In function 'InitInputs':
..\src\main.c:84:2: warning: implicit declaration of function 'InitExtiLine' [-Wimplicit-function-declaration]
  InitExtiLine(EXTI_Line0);
  ^~~~~~~~~~~~
..\src\main.c: At top level:
..\src\main.c:109:6: warning: conflicting types for 'InitExtiLine'
 void InitExtiLine(uint32_t value) {
      ^~~~~~~~~~~~
..\src\main.c:84:2: note: previous implicit declaration of 'InitExtiLine' was here
  InitExtiLine(EXTI_Line0);
  ^~~~~~~~~~~~
..\src\main.c: In function 'main':
..\src\main.c:130:11: warning: unused variable 'init' [-Wunused-variable]
  uint32_t init = SysTick_Config(SystemCoreClock/1000);
           ^~~~
arm-atollic-eabi-gcc -o CPIOng.elf Libraries\STM32F10x_StdPeriph_Driver\src\misc.o Libraries\STM32F10x_StdPeriph_Driver\src\stm32f10x_adc.o Libraries\STM32F10x_StdPeriph_Driver\src\stm32f10x_bkp.o Libraries\STM32F10x_StdPeriph_Driver\src\stm32f10x_can.o Libraries\STM32F10x_StdPeriph_Driver\src\stm32f10x_cec.o Libraries\STM32F10x_StdPeriph_Driver\src\stm32f10x_crc.o Libraries\STM32F10x_StdPeriph_Driver\src\stm32f10x_dac.o Libraries\STM32F10x_StdPeriph_Driver\src\stm32f10x_dbgmcu.o Libraries\STM32F10x_StdPeriph_Driver\src\stm32f10x_dma.o Libraries\STM32F10x_StdPeriph_Driver\src\stm32f10x_exti.o Libraries\STM32F10x_StdPeriph_Driver\src\stm32f10x_flash.o Libraries\STM32F10x_StdPeriph_Driver\src\stm32f10x_fsmc.o Libraries\STM32F10x_StdPeriph_Driver\src\stm32f10x_gpio.o Libraries\STM32F10x_StdPeriph_Driver\src\stm32f10x_i2c.o Libraries\STM32F10x_StdPeriph_Driver\src\stm32f10x_iwdg.o Libraries\STM32F10x_StdPeriph_Driver\src\stm32f10x_pwr.o Libraries\STM32F10x_StdPeriph_Driver\src\stm32f10x_rcc.o Libraries\STM32F10x_StdPeriph_Driver\src\stm32f10x_rtc.o Libraries\STM32F10x_StdPeriph_Driver\src\stm32f10x_sdio.o Libraries\STM32F10x_StdPeriph_Driver\src\stm32f10x_spi.o Libraries\STM32F10x_StdPeriph_Driver\src\stm32f10x_tim.o Libraries\STM32F10x_StdPeriph_Driver\src\stm32f10x_usart.o Libraries\STM32F10x_StdPeriph_Driver\src\stm32f10x_wwdg.o src\Can.o src\main.o src\startup_stm32f10x_cl.o src\stm32f1xx_it.o src\system_stm32f10x.o src\tiny_printf.o -mthumb -mcpu=cortex-m3 -T../stm32_flash.ld -specs=nosys.specs -static -Wl,-cref,-u,Reset_Handler -Wl,-Map=CPIOng.map -Wl,--gc-sections -Wl,--defsym=malloc_getpagesize_P=0x80 -Wl,--start-group -lc -lm -Wl,--end-group -specs=nano.specs 
C:\Program Files (x86)\Atollic\TrueSTUDIO for STM32 9.1.0\ide\jre\bin\java -jar C:\Program Files (x86)\Atollic\TrueSTUDIO for STM32 9.1.0\Tools\arm-atollic-reports.jar sizeinfo list CPIOng.elf 
Generate build reports...
Print size information
   text	   data	    bss	    dec	    hex	filename
   7684	     12	    580	   8276	   2054	CPIOng.elf
Print size information done
Generate listing file
Output sent to: CPIOng.list
Generate listing file done
Generate build reports done
09:42:07 **** Incremental Build of configuration Debug for project CPIOng ****
Info: Internal Builder is used for build
arm-atollic-eabi-gcc -c ..\src\main.c -mthumb -mcpu=cortex-m3 -std=gnu11 -DSTM32F10X_CL -DUSE_STDPERIPH_DRIVER -I../src -I../Libraries/STM32F10x_StdPeriph_Driver/inc -I../Libraries/CMSIS/Device/ST/STM32F10x/Include -I../Libraries/CMSIS/Include -O0 -ffunction-sections -fdata-sections -g -fstack-usage -Wall -specs=nano.specs -o src\main.o 
..\src\main.c: In function 'InitInputs':
..\src\main.c:84:2: warning: implicit declaration of function 'InitExtiLine' [-Wimplicit-function-declaration]
  InitExtiLine(EXTI_Line0);
  ^~~~~~~~~~~~
..\src\main.c: At top level:
..\src\main.c:109:6: warning: conflicting types for 'InitExtiLine'
 void InitExtiLine(uint32_t value) {
      ^~~~~~~~~~~~
..\src\main.c:84:2: note: previous implicit declaration of 'InitExtiLine' was here
  InitExtiLine(EXTI_Line0);
  ^~~~~~~~~~~~
..\src\main.c: In function 'main':
..\src\main.c:130:11: warning: unused variable 'init' [-Wunused-variable]
  uint32_t init = SysTick_Config(SystemCoreClock/720000);
           ^~~~
arm-atollic-eabi-gcc -o CPIOng.elf Libraries\STM32F10x_StdPeriph_Driver\src\misc.o Libraries\STM32F10x_StdPeriph_Driver\src\stm32f10x_adc.o Libraries\STM32F10x_StdPeriph_Driver\src\stm32f10x_bkp.o Libraries\STM32F10x_StdPeriph_Driver\src\stm32f10x_can.o Libraries\STM32F10x_StdPeriph_Driver\src\stm32f10x_cec.o Libraries\STM32F10x_StdPeriph_Driver\src\stm32f10x_crc.o Libraries\STM32F10x_StdPeriph_Driver\src\stm32f10x_dac.o Libraries\STM32F10x_StdPeriph_Driver\src\stm32f10x_dbgmcu.o Libraries\STM32F10x_StdPeriph_Driver\src\stm32f10x_dma.o Libraries\STM32F10x_StdPeriph_Driver\src\stm32f10x_exti.o Libraries\STM32F10x_StdPeriph_Driver\src\stm32f10x_flash.o Libraries\STM32F10x_StdPeriph_Driver\src\stm32f10x_fsmc.o Libraries\STM32F10x_StdPeriph_Driver\src\stm32f10x_gpio.o Libraries\STM32F10x_StdPeriph_Driver\src\stm32f10x_i2c.o Libraries\STM32F10x_StdPeriph_Driver\src\stm32f10x_iwdg.o Libraries\STM32F10x_StdPeriph_Driver\src\stm32f10x_pwr.o Libraries\STM32F10x_StdPeriph_Driver\src\stm32f10x_rcc.o Libraries\STM32F10x_StdPeriph_Driver\src\stm32f10x_rtc.o Libraries\STM32F10x_StdPeriph_Driver\src\stm32f10x_sdio.o Libraries\STM32F10x_StdPeriph_Driver\src\stm32f10x_spi.o Libraries\STM32F10x_StdPeriph_Driver\src\stm32f10x_tim.o Libraries\STM32F10x_StdPeriph_Driver\src\stm32f10x_usart.o Libraries\STM32F10x_StdPeriph_Driver\src\stm32f10x_wwdg.o src\Can.o src\main.o src\startup_stm32f10x_cl.o src\stm32f1xx_it.o src\system_stm32f10x.o src\tiny_printf.o -mthumb -mcpu=cortex-m3 -T../stm32_flash.ld -specs=nosys.specs -static -Wl,-cref,-u,Reset_Handler -Wl,-Map=CPIOng.map -Wl,--gc-sections -Wl,--defsym=malloc_getpagesize_P=0x80 -Wl,--start-group -lc -lm -Wl,--end-group -specs=nano.specs 
C:\Program Files (x86)\Atollic\TrueSTUDIO for STM32 9.1.0\ide\jre\bin\java -jar C:\Program Files (x86)\Atollic\TrueSTUDIO for STM32 9.1.0\Tools\arm-atollic-reports.jar sizeinfo list CPIOng.elf 
Generate build reports...
Print size information
   text	   data	    bss	    dec	    hex	filename
   7688	     12	    580	   8280	   2058	CPIOng.elf
Print size information done
Generate listing file
Output sent to: CPIOng.list
Generate listing file done
Generate build reports done
Info: Nothing to build for CPIOng
09:46:25 **** Incremental Build of configuration Debug for project CPIOng ****
Info: Internal Builder is used for build
arm-atollic-eabi-gcc -c ..\src\stm32f1xx_it.c -mthumb -mcpu=cortex-m3 -std=gnu11 -DSTM32F10X_CL -DUSE_STDPERIPH_DRIVER -I../src -I../Libraries/STM32F10x_StdPeriph_Driver/inc -I../Libraries/CMSIS/Device/ST/STM32F10x/Include -I../Libraries/CMSIS/Include -O0 -ffunction-sections -fdata-sections -g -fstack-usage -Wall -specs=nano.specs -o src\stm32f1xx_it.o 
..\src\stm32f1xx_it.c: In function 'SanCanAlive':
..\src\stm32f1xx_it.c:60:3: warning: implicit declaration of function 'SendCan' [-Wimplicit-function-declaration]
   SendCan(0x123, p, 8);
   ^~~~~~~
..\src\stm32f1xx_it.c: At top level:
..\src\stm32f1xx_it.c:64:6: warning: conflicting types for 'SendCan'
 void SendCan(uint32_t id, uint8_t data[], uint8_t len) {
      ^~~~~~~
..\src\stm32f1xx_it.c:60:3: note: previous implicit declaration of 'SendCan' was here
   SendCan(0x123, p, 8);
   ^~~~~~~
..\src\stm32f1xx_it.c: In function 'SendCan':
..\src\stm32f1xx_it.c:74:2: warning: implicit declaration of function 'memcpy' [-Wimplicit-function-declaration]
  memcpy(canMessage.Data, data, len * sizeof(uint8_t));
  ^~~~~~
..\src\stm32f1xx_it.c:74:2: warning: incompatible implicit declaration of built-in function 'memcpy'
..\src\stm32f1xx_it.c:74:2: note: include '<string.h>' or provide a declaration of 'memcpy'
..\src\stm32f1xx_it.c: In function 'SendTimeInfo':
..\src\stm32f1xx_it.c:111:2: warning: implicit declaration of function 'printf' [-Wimplicit-function-declaration]
  printf("Rising edge on .... In %d %d \n", channel, res);
  ^~~~~~
..\src\stm32f1xx_it.c:111:2: warning: incompatible implicit declaration of built-in function 'printf'
..\src\stm32f1xx_it.c:111:2: note: include '<stdio.h>' or provide a declaration of 'printf'
..\src\stm32f1xx_it.c:111:37: warning: format '%d' expects argument of type 'int', but argument 3 has type 'uint32_t {aka long unsigned int}' [-Wformat=]
  printf("Rising edge on .... In %d %d \n", channel, res);
                                     ^
..\src\stm32f1xx_it.c: In function 'EXTI0_IRQHandler':
..\src\stm32f1xx_it.c:117:2: warning: incompatible implicit declaration of built-in function 'printf'
  printf("Rising edge on .... In 0\n");
  ^~~~~~
..\src\stm32f1xx_it.c:117:2: note: include '<stdio.h>' or provide a declaration of 'printf'
..\src\stm32f1xx_it.c: In function 'CAN2_RX0_IRQHandler':
..\src\stm32f1xx_it.c:197:2: warning: incompatible implicit declaration of built-in function 'printf'
  printf("receive can 2 interrupt\n");
  ^~~~~~
..\src\stm32f1xx_it.c:197:2: note: include '<stdio.h>' or provide a declaration of 'printf'
..\src\stm32f1xx_it.c: In function 'SysTick_Handler':
..\src\stm32f1xx_it.c:295:11: error: 'sysTickCounter' undeclared (first use in this function)
  tickMs = sysTickCounter;
           ^~~~~~~~~~~~~~
..\src\stm32f1xx_it.c:295:11: note: each undeclared identifier is reported only once for each function it appears in
09:47:44 **** Incremental Build of configuration Debug for project CPIOng ****
Info: Internal Builder is used for build
arm-atollic-eabi-gcc -c ..\src\stm32f1xx_it.c -mthumb -mcpu=cortex-m3 -std=gnu11 -DSTM32F10X_CL -DUSE_STDPERIPH_DRIVER -I../src -I../Libraries/STM32F10x_StdPeriph_Driver/inc -I../Libraries/CMSIS/Device/ST/STM32F10x/Include -I../Libraries/CMSIS/Include -O0 -ffunction-sections -fdata-sections -g -fstack-usage -Wall -specs=nano.specs -o src\stm32f1xx_it.o 
..\src\stm32f1xx_it.c: In function 'SanCanAlive':
..\src\stm32f1xx_it.c:60:3: warning: implicit declaration of function 'SendCan' [-Wimplicit-function-declaration]
   SendCan(0x123, p, 8);
   ^~~~~~~
..\src\stm32f1xx_it.c: At top level:
..\src\stm32f1xx_it.c:64:6: warning: conflicting types for 'SendCan'
 void SendCan(uint32_t id, uint8_t data[], uint8_t len) {
      ^~~~~~~
..\src\stm32f1xx_it.c:60:3: note: previous implicit declaration of 'SendCan' was here
   SendCan(0x123, p, 8);
   ^~~~~~~
..\src\stm32f1xx_it.c: In function 'SendCan':
..\src\stm32f1xx_it.c:74:2: warning: implicit declaration of function 'memcpy' [-Wimplicit-function-declaration]
  memcpy(canMessage.Data, data, len * sizeof(uint8_t));
  ^~~~~~
..\src\stm32f1xx_it.c:74:2: warning: incompatible implicit declaration of built-in function 'memcpy'
..\src\stm32f1xx_it.c:74:2: note: include '<string.h>' or provide a declaration of 'memcpy'
..\src\stm32f1xx_it.c: In function 'SendTimeInfo':
..\src\stm32f1xx_it.c:111:2: warning: implicit declaration of function 'printf' [-Wimplicit-function-declaration]
  printf("Rising edge on .... In %d %d \n", channel, res);
  ^~~~~~
..\src\stm32f1xx_it.c:111:2: warning: incompatible implicit declaration of built-in function 'printf'
..\src\stm32f1xx_it.c:111:2: note: include '<stdio.h>' or provide a declaration of 'printf'
..\src\stm32f1xx_it.c:111:37: warning: format '%d' expects argument of type 'int', but argument 3 has type 'uint32_t {aka long unsigned int}' [-Wformat=]
  printf("Rising edge on .... In %d %d \n", channel, res);
                                     ^
..\src\stm32f1xx_it.c: In function 'EXTI0_IRQHandler':
..\src\stm32f1xx_it.c:117:2: warning: incompatible implicit declaration of built-in function 'printf'
  printf("Rising edge on .... In 0\n");
  ^~~~~~
..\src\stm32f1xx_it.c:117:2: note: include '<stdio.h>' or provide a declaration of 'printf'
..\src\stm32f1xx_it.c: In function 'CAN2_RX0_IRQHandler':
..\src\stm32f1xx_it.c:197:2: warning: incompatible implicit declaration of built-in function 'printf'
  printf("receive can 2 interrupt\n");
  ^~~~~~
..\src\stm32f1xx_it.c:197:2: note: include '<stdio.h>' or provide a declaration of 'printf'
arm-atollic-eabi-gcc -c ..\src\main.c -mthumb -mcpu=cortex-m3 -std=gnu11 -DSTM32F10X_CL -DUSE_STDPERIPH_DRIVER -I../src -I../Libraries/STM32F10x_StdPeriph_Driver/inc -I../Libraries/CMSIS/Device/ST/STM32F10x/Include -I../Libraries/CMSIS/Include -O0 -ffunction-sections -fdata-sections -g -fstack-usage -Wall -specs=nano.specs -o src\main.o 
..\src\main.c: In function 'InitInputs':
..\src\main.c:84:2: warning: implicit declaration of function 'InitExtiLine' [-Wimplicit-function-declaration]
  InitExtiLine(EXTI_Line0);
  ^~~~~~~~~~~~
..\src\main.c: At top level:
..\src\main.c:109:6: warning: conflicting types for 'InitExtiLine'
 void InitExtiLine(uint32_t value) {
      ^~~~~~~~~~~~
..\src\main.c:84:2: note: previous implicit declaration of 'InitExtiLine' was here
  InitExtiLine(EXTI_Line0);
  ^~~~~~~~~~~~
..\src\main.c: In function 'main':
..\src\main.c:130:11: warning: unused variable 'init' [-Wunused-variable]
  uint32_t init = SysTick_Config(SystemCoreClock/*72000000*/ /72000);
           ^~~~
arm-atollic-eabi-gcc -o CPIOng.elf Libraries\STM32F10x_StdPeriph_Driver\src\misc.o Libraries\STM32F10x_StdPeriph_Driver\src\stm32f10x_adc.o Libraries\STM32F10x_StdPeriph_Driver\src\stm32f10x_bkp.o Libraries\STM32F10x_StdPeriph_Driver\src\stm32f10x_can.o Libraries\STM32F10x_StdPeriph_Driver\src\stm32f10x_cec.o Libraries\STM32F10x_StdPeriph_Driver\src\stm32f10x_crc.o Libraries\STM32F10x_StdPeriph_Driver\src\stm32f10x_dac.o Libraries\STM32F10x_StdPeriph_Driver\src\stm32f10x_dbgmcu.o Libraries\STM32F10x_StdPeriph_Driver\src\stm32f10x_dma.o Libraries\STM32F10x_StdPeriph_Driver\src\stm32f10x_exti.o Libraries\STM32F10x_StdPeriph_Driver\src\stm32f10x_flash.o Libraries\STM32F10x_StdPeriph_Driver\src\stm32f10x_fsmc.o Libraries\STM32F10x_StdPeriph_Driver\src\stm32f10x_gpio.o Libraries\STM32F10x_StdPeriph_Driver\src\stm32f10x_i2c.o Libraries\STM32F10x_StdPeriph_Driver\src\stm32f10x_iwdg.o Libraries\STM32F10x_StdPeriph_Driver\src\stm32f10x_pwr.o Libraries\STM32F10x_StdPeriph_Driver\src\stm32f10x_rcc.o Libraries\STM32F10x_StdPeriph_Driver\src\stm32f10x_rtc.o Libraries\STM32F10x_StdPeriph_Driver\src\stm32f10x_sdio.o Libraries\STM32F10x_StdPeriph_Driver\src\stm32f10x_spi.o Libraries\STM32F10x_StdPeriph_Driver\src\stm32f10x_tim.o Libraries\STM32F10x_StdPeriph_Driver\src\stm32f10x_usart.o Libraries\STM32F10x_StdPeriph_Driver\src\stm32f10x_wwdg.o src\Can.o src\main.o src\startup_stm32f10x_cl.o src\stm32f1xx_it.o src\system_stm32f10x.o src\tiny_printf.o -mthumb -mcpu=cortex-m3 -T../stm32_flash.ld -specs=nosys.specs -static -Wl,-cref,-u,Reset_Handler -Wl,-Map=CPIOng.map -Wl,--gc-sections -Wl,--defsym=malloc_getpagesize_P=0x80 -Wl,--start-group -lc -lm -Wl,--end-group -specs=nano.specs 
C:\Program Files (x86)\Atollic\TrueSTUDIO for STM32 9.1.0\ide\jre\bin\java -jar C:\Program Files (x86)\Atollic\TrueSTUDIO for STM32 9.1.0\Tools\arm-atollic-reports.jar sizeinfo list CPIOng.elf 
Generate build reports...
Print size information
   text	   data	    bss	    dec	    hex	filename
   7684	     12	    580	   8276	   2054	CPIOng.elf
Print size information done
Generate listing file
Output sent to: CPIOng.list
Generate listing file done
Generate build reports done
09:49:41 **** Incremental Build of configuration Debug for project CPIOng ****
Info: Internal Builder is used for build
arm-atollic-eabi-gcc -c ..\src\main.c -mthumb -mcpu=cortex-m3 -std=gnu11 -DSTM32F10X_CL -DUSE_STDPERIPH_DRIVER -I../src -I../Libraries/STM32F10x_StdPeriph_Driver/inc -I../Libraries/CMSIS/Device/ST/STM32F10x/Include -I../Libraries/CMSIS/Include -O0 -ffunction-sections -fdata-sections -g -fstack-usage -Wall -specs=nano.specs -o src\main.o 
..\src\main.c: In function 'InitInputs':
..\src\main.c:84:2: warning: implicit declaration of function 'InitExtiLine' [-Wimplicit-function-declaration]
  InitExtiLine(EXTI_Line0);
  ^~~~~~~~~~~~
..\src\main.c: At top level:
..\src\main.c:109:6: warning: conflicting types for 'InitExtiLine'
 void InitExtiLine(uint32_t value) {
      ^~~~~~~~~~~~
..\src\main.c:84:2: note: previous implicit declaration of 'InitExtiLine' was here
  InitExtiLine(EXTI_Line0);
  ^~~~~~~~~~~~
..\src\main.c: In function 'main':
..\src\main.c:130:11: warning: unused variable 'init' [-Wunused-variable]
  uint32_t init = SysTick_Config(SystemCoreClock/*72000000*/ /7200000);
           ^~~~
arm-atollic-eabi-gcc -o CPIOng.elf Libraries\STM32F10x_StdPeriph_Driver\src\misc.o Libraries\STM32F10x_StdPeriph_Driver\src\stm32f10x_adc.o Libraries\STM32F10x_StdPeriph_Driver\src\stm32f10x_bkp.o Libraries\STM32F10x_StdPeriph_Driver\src\stm32f10x_can.o Libraries\STM32F10x_StdPeriph_Driver\src\stm32f10x_cec.o Libraries\STM32F10x_StdPeriph_Driver\src\stm32f10x_crc.o Libraries\STM32F10x_StdPeriph_Driver\src\stm32f10x_dac.o Libraries\STM32F10x_StdPeriph_Driver\src\stm32f10x_dbgmcu.o Libraries\STM32F10x_StdPeriph_Driver\src\stm32f10x_dma.o Libraries\STM32F10x_StdPeriph_Driver\src\stm32f10x_exti.o Libraries\STM32F10x_StdPeriph_Driver\src\stm32f10x_flash.o Libraries\STM32F10x_StdPeriph_Driver\src\stm32f10x_fsmc.o Libraries\STM32F10x_StdPeriph_Driver\src\stm32f10x_gpio.o Libraries\STM32F10x_StdPeriph_Driver\src\stm32f10x_i2c.o Libraries\STM32F10x_StdPeriph_Driver\src\stm32f10x_iwdg.o Libraries\STM32F10x_StdPeriph_Driver\src\stm32f10x_pwr.o Libraries\STM32F10x_StdPeriph_Driver\src\stm32f10x_rcc.o Libraries\STM32F10x_StdPeriph_Driver\src\stm32f10x_rtc.o Libraries\STM32F10x_StdPeriph_Driver\src\stm32f10x_sdio.o Libraries\STM32F10x_StdPeriph_Driver\src\stm32f10x_spi.o Libraries\STM32F10x_StdPeriph_Driver\src\stm32f10x_tim.o Libraries\STM32F10x_StdPeriph_Driver\src\stm32f10x_usart.o Libraries\STM32F10x_StdPeriph_Driver\src\stm32f10x_wwdg.o src\Can.o src\main.o src\startup_stm32f10x_cl.o src\stm32f1xx_it.o src\system_stm32f10x.o src\tiny_printf.o -mthumb -mcpu=cortex-m3 -T../stm32_flash.ld -specs=nosys.specs -static -Wl,-cref,-u,Reset_Handler -Wl,-Map=CPIOng.map -Wl,--gc-sections -Wl,--defsym=malloc_getpagesize_P=0x80 -Wl,--start-group -lc -lm -Wl,--end-group -specs=nano.specs 
C:\Program Files (x86)\Atollic\TrueSTUDIO for STM32 9.1.0\ide\jre\bin\java -jar C:\Program Files (x86)\Atollic\TrueSTUDIO for STM32 9.1.0\Tools\arm-atollic-reports.jar sizeinfo list CPIOng.elf 
Generate build reports...
Print size information
   text	   data	    bss	    dec	    hex	filename
   7684	     12	    580	   8276	   2054	CPIOng.elf
Print size information done
Generate listing file
Output sent to: CPIOng.list
Generate listing file done
Generate build reports done
09:50:47 **** Incremental Build of configuration Debug for project CPIOng ****
Info: Internal Builder is used for build
arm-atollic-eabi-gcc -c ..\src\main.c -mthumb -mcpu=cortex-m3 -std=gnu11 -DSTM32F10X_CL -DUSE_STDPERIPH_DRIVER -I../src -I../Libraries/STM32F10x_StdPeriph_Driver/inc -I../Libraries/CMSIS/Device/ST/STM32F10x/Include -I../Libraries/CMSIS/Include -O0 -ffunction-sections -fdata-sections -g -fstack-usage -Wall -specs=nano.specs -o src\main.o 
..\src\main.c: In function 'InitInputs':
..\src\main.c:84:2: warning: implicit declaration of function 'InitExtiLine' [-Wimplicit-function-declaration]
  InitExtiLine(EXTI_Line0);
  ^~~~~~~~~~~~
..\src\main.c: At top level:
..\src\main.c:109:6: warning: conflicting types for 'InitExtiLine'
 void InitExtiLine(uint32_t value) {
      ^~~~~~~~~~~~
..\src\main.c:84:2: note: previous implicit declaration of 'InitExtiLine' was here
  InitExtiLine(EXTI_Line0);
  ^~~~~~~~~~~~
..\src\main.c: In function 'main':
..\src\main.c:130:11: warning: unused variable 'init' [-Wunused-variable]
  uint32_t init = SysTick_Config(SystemCoreClock/*72000000*/ /72000);
           ^~~~
arm-atollic-eabi-gcc -o CPIOng.elf Libraries\STM32F10x_StdPeriph_Driver\src\misc.o Libraries\STM32F10x_StdPeriph_Driver\src\stm32f10x_adc.o Libraries\STM32F10x_StdPeriph_Driver\src\stm32f10x_bkp.o Libraries\STM32F10x_StdPeriph_Driver\src\stm32f10x_can.o Libraries\STM32F10x_StdPeriph_Driver\src\stm32f10x_cec.o Libraries\STM32F10x_StdPeriph_Driver\src\stm32f10x_crc.o Libraries\STM32F10x_StdPeriph_Driver\src\stm32f10x_dac.o Libraries\STM32F10x_StdPeriph_Driver\src\stm32f10x_dbgmcu.o Libraries\STM32F10x_StdPeriph_Driver\src\stm32f10x_dma.o Libraries\STM32F10x_StdPeriph_Driver\src\stm32f10x_exti.o Libraries\STM32F10x_StdPeriph_Driver\src\stm32f10x_flash.o Libraries\STM32F10x_StdPeriph_Driver\src\stm32f10x_fsmc.o Libraries\STM32F10x_StdPeriph_Driver\src\stm32f10x_gpio.o Libraries\STM32F10x_StdPeriph_Driver\src\stm32f10x_i2c.o Libraries\STM32F10x_StdPeriph_Driver\src\stm32f10x_iwdg.o Libraries\STM32F10x_StdPeriph_Driver\src\stm32f10x_pwr.o Libraries\STM32F10x_StdPeriph_Driver\src\stm32f10x_rcc.o Libraries\STM32F10x_StdPeriph_Driver\src\stm32f10x_rtc.o Libraries\STM32F10x_StdPeriph_Driver\src\stm32f10x_sdio.o Libraries\STM32F10x_StdPeriph_Driver\src\stm32f10x_spi.o Libraries\STM32F10x_StdPeriph_Driver\src\stm32f10x_tim.o Libraries\STM32F10x_StdPeriph_Driver\src\stm32f10x_usart.o Libraries\STM32F10x_StdPeriph_Driver\src\stm32f10x_wwdg.o src\Can.o src\main.o src\startup_stm32f10x_cl.o src\stm32f1xx_it.o src\system_stm32f10x.o src\tiny_printf.o -mthumb -mcpu=cortex-m3 -T../stm32_flash.ld -specs=nosys.specs -static -Wl,-cref,-u,Reset_Handler -Wl,-Map=CPIOng.map -Wl,--gc-sections -Wl,--defsym=malloc_getpagesize_P=0x80 -Wl,--start-group -lc -lm -Wl,--end-group -specs=nano.specs 
C:\Program Files (x86)\Atollic\TrueSTUDIO for STM32 9.1.0\ide\jre\bin\java -jar C:\Program Files (x86)\Atollic\TrueSTUDIO for STM32 9.1.0\Tools\arm-atollic-reports.jar sizeinfo list CPIOng.elf 
Generate build reports...
Print size information
   text	   data	    bss	    dec	    hex	filename
   7684	     12	    580	   8276	   2054	CPIOng.elf
Print size information done
Generate listing file
Output sent to: CPIOng.list
Generate listing file done
Generate build reports done
10:30:28 **** Incremental Build of configuration Debug for project CPIOng ****
Info: Internal Builder is used for build
arm-atollic-eabi-gcc -c ..\src\main.c -mthumb -mcpu=cortex-m3 -std=gnu11 -DSTM32F10X_CL -DUSE_STDPERIPH_DRIVER -I../src -I../Libraries/STM32F10x_StdPeriph_Driver/inc -I../Libraries/CMSIS/Device/ST/STM32F10x/Include -I../Libraries/CMSIS/Include -O0 -ffunction-sections -fdata-sections -g -fstack-usage -Wall -specs=nano.specs -o src\main.o 
..\src\main.c: In function 'InitInputs':
..\src\main.c:84:2: warning: implicit declaration of function 'InitExtiLine' [-Wimplicit-function-declaration]
  InitExtiLine(EXTI_Line0);
  ^~~~~~~~~~~~
..\src\main.c: At top level:
..\src\main.c:109:6: warning: conflicting types for 'InitExtiLine'
 void InitExtiLine(uint32_t value) {
      ^~~~~~~~~~~~
..\src\main.c:84:2: note: previous implicit declaration of 'InitExtiLine' was here
  InitExtiLine(EXTI_Line0);
  ^~~~~~~~~~~~
..\src\main.c: In function 'main':
..\src\main.c:132:3: warning: implicit declaration of function 'printf' [-Wimplicit-function-declaration]
   printf("Error in init system tick"); // noch erro per can?! allgemeine status bits?
   ^~~~~~
..\src\main.c:132:3: warning: incompatible implicit declaration of built-in function 'printf'
..\src\main.c:132:3: note: include '<stdio.h>' or provide a declaration of 'printf'
arm-atollic-eabi-gcc -o CPIOng.elf Libraries\STM32F10x_StdPeriph_Driver\src\misc.o Libraries\STM32F10x_StdPeriph_Driver\src\stm32f10x_adc.o Libraries\STM32F10x_StdPeriph_Driver\src\stm32f10x_bkp.o Libraries\STM32F10x_StdPeriph_Driver\src\stm32f10x_can.o Libraries\STM32F10x_StdPeriph_Driver\src\stm32f10x_cec.o Libraries\STM32F10x_StdPeriph_Driver\src\stm32f10x_crc.o Libraries\STM32F10x_StdPeriph_Driver\src\stm32f10x_dac.o Libraries\STM32F10x_StdPeriph_Driver\src\stm32f10x_dbgmcu.o Libraries\STM32F10x_StdPeriph_Driver\src\stm32f10x_dma.o Libraries\STM32F10x_StdPeriph_Driver\src\stm32f10x_exti.o Libraries\STM32F10x_StdPeriph_Driver\src\stm32f10x_flash.o Libraries\STM32F10x_StdPeriph_Driver\src\stm32f10x_fsmc.o Libraries\STM32F10x_StdPeriph_Driver\src\stm32f10x_gpio.o Libraries\STM32F10x_StdPeriph_Driver\src\stm32f10x_i2c.o Libraries\STM32F10x_StdPeriph_Driver\src\stm32f10x_iwdg.o Libraries\STM32F10x_StdPeriph_Driver\src\stm32f10x_pwr.o Libraries\STM32F10x_StdPeriph_Driver\src\stm32f10x_rcc.o Libraries\STM32F10x_StdPeriph_Driver\src\stm32f10x_rtc.o Libraries\STM32F10x_StdPeriph_Driver\src\stm32f10x_sdio.o Libraries\STM32F10x_StdPeriph_Driver\src\stm32f10x_spi.o Libraries\STM32F10x_StdPeriph_Driver\src\stm32f10x_tim.o Libraries\STM32F10x_StdPeriph_Driver\src\stm32f10x_usart.o Libraries\STM32F10x_StdPeriph_Driver\src\stm32f10x_wwdg.o src\Can.o src\main.o src\startup_stm32f10x_cl.o src\stm32f1xx_it.o src\system_stm32f10x.o src\tiny_printf.o -mthumb -mcpu=cortex-m3 -T../stm32_flash.ld -specs=nosys.specs -static -Wl,-cref,-u,Reset_Handler -Wl,-Map=CPIOng.map -Wl,--gc-sections -Wl,--defsym=malloc_getpagesize_P=0x80 -Wl,--start-group -lc -lm -Wl,--end-group -specs=nano.specs 
C:\Program Files (x86)\Atollic\TrueSTUDIO for STM32 9.1.0\ide\jre\bin\java -jar C:\Program Files (x86)\Atollic\TrueSTUDIO for STM32 9.1.0\Tools\arm-atollic-reports.jar sizeinfo list CPIOng.elf 
Generate build reports...
Print size information
   text	   data	    bss	    dec	    hex	filename
   7728	     12	    580	   8320	   2080	CPIOng.elf
Print size information done
Generate listing file
Output sent to: CPIOng.list
Generate listing file done
Generate build reports done
10:33:31 **** Incremental Build of configuration Debug for project CPIOng ****
Info: Internal Builder is used for build
arm-atollic-eabi-gcc -c ..\src\main.c -mthumb -mcpu=cortex-m3 -std=gnu11 -DSTM32F10X_CL -DUSE_STDPERIPH_DRIVER -I../src -I../Libraries/STM32F10x_StdPeriph_Driver/inc -I../Libraries/CMSIS/Device/ST/STM32F10x/Include -I../Libraries/CMSIS/Include -O0 -ffunction-sections -fdata-sections -g -fstack-usage -Wall -specs=nano.specs -o src\main.o 
..\src\main.c: In function 'InitInputs':
..\src\main.c:84:2: warning: implicit declaration of function 'InitExtiLine' [-Wimplicit-function-declaration]
  InitExtiLine(EXTI_Line0);
  ^~~~~~~~~~~~
..\src\main.c: At top level:
..\src\main.c:109:6: warning: conflicting types for 'InitExtiLine'
 void InitExtiLine(uint32_t value) {
      ^~~~~~~~~~~~
..\src\main.c:84:2: note: previous implicit declaration of 'InitExtiLine' was here
  InitExtiLine(EXTI_Line0);
  ^~~~~~~~~~~~
..\src\main.c: In function 'main':
..\src\main.c:132:3: warning: implicit declaration of function 'printf' [-Wimplicit-function-declaration]
   printf("Error in init system tick"); // noch erro per can?! allgemeine status bits?
   ^~~~~~
..\src\main.c:132:3: warning: incompatible implicit declaration of built-in function 'printf'
..\src\main.c:132:3: note: include '<stdio.h>' or provide a declaration of 'printf'
arm-atollic-eabi-gcc -o CPIOng.elf Libraries\STM32F10x_StdPeriph_Driver\src\misc.o Libraries\STM32F10x_StdPeriph_Driver\src\stm32f10x_adc.o Libraries\STM32F10x_StdPeriph_Driver\src\stm32f10x_bkp.o Libraries\STM32F10x_StdPeriph_Driver\src\stm32f10x_can.o Libraries\STM32F10x_StdPeriph_Driver\src\stm32f10x_cec.o Libraries\STM32F10x_StdPeriph_Driver\src\stm32f10x_crc.o Libraries\STM32F10x_StdPeriph_Driver\src\stm32f10x_dac.o Libraries\STM32F10x_StdPeriph_Driver\src\stm32f10x_dbgmcu.o Libraries\STM32F10x_StdPeriph_Driver\src\stm32f10x_dma.o Libraries\STM32F10x_StdPeriph_Driver\src\stm32f10x_exti.o Libraries\STM32F10x_StdPeriph_Driver\src\stm32f10x_flash.o Libraries\STM32F10x_StdPeriph_Driver\src\stm32f10x_fsmc.o Libraries\STM32F10x_StdPeriph_Driver\src\stm32f10x_gpio.o Libraries\STM32F10x_StdPeriph_Driver\src\stm32f10x_i2c.o Libraries\STM32F10x_StdPeriph_Driver\src\stm32f10x_iwdg.o Libraries\STM32F10x_StdPeriph_Driver\src\stm32f10x_pwr.o Libraries\STM32F10x_StdPeriph_Driver\src\stm32f10x_rcc.o Libraries\STM32F10x_StdPeriph_Driver\src\stm32f10x_rtc.o Libraries\STM32F10x_StdPeriph_Driver\src\stm32f10x_sdio.o Libraries\STM32F10x_StdPeriph_Driver\src\stm32f10x_spi.o Libraries\STM32F10x_StdPeriph_Driver\src\stm32f10x_tim.o Libraries\STM32F10x_StdPeriph_Driver\src\stm32f10x_usart.o Libraries\STM32F10x_StdPeriph_Driver\src\stm32f10x_wwdg.o src\Can.o src\main.o src\startup_stm32f10x_cl.o src\stm32f1xx_it.o src\system_stm32f10x.o src\tiny_printf.o -mthumb -mcpu=cortex-m3 -T../stm32_flash.ld -specs=nosys.specs -static -Wl,-cref,-u,Reset_Handler -Wl,-Map=CPIOng.map -Wl,--gc-sections -Wl,--defsym=malloc_getpagesize_P=0x80 -Wl,--start-group -lc -lm -Wl,--end-group -specs=nano.specs 
C:\Program Files (x86)\Atollic\TrueSTUDIO for STM32 9.1.0\ide\jre\bin\java -jar C:\Program Files (x86)\Atollic\TrueSTUDIO for STM32 9.1.0\Tools\arm-atollic-reports.jar sizeinfo list CPIOng.elf 
Generate build reports...
Print size information
   text	   data	    bss	    dec	    hex	filename
   7732	     12	    580	   8324	   2084	CPIOng.elf
Print size information done
Generate listing file
Output sent to: CPIOng.list
Generate listing file done
Generate build reports done
10:34:37 **** Incremental Build of configuration Debug for project CPIOng ****
Info: Internal Builder is used for build
arm-atollic-eabi-gcc -c ..\src\main.c -mthumb -mcpu=cortex-m3 -std=gnu11 -DSTM32F10X_CL -DUSE_STDPERIPH_DRIVER -I../src -I../Libraries/STM32F10x_StdPeriph_Driver/inc -I../Libraries/CMSIS/Device/ST/STM32F10x/Include -I../Libraries/CMSIS/Include -O0 -ffunction-sections -fdata-sections -g -fstack-usage -Wall -specs=nano.specs -o src\main.o 
..\src\main.c: In function 'InitInputs':
..\src\main.c:84:2: warning: implicit declaration of function 'InitExtiLine' [-Wimplicit-function-declaration]
  InitExtiLine(EXTI_Line0);
  ^~~~~~~~~~~~
..\src\main.c: At top level:
..\src\main.c:109:6: warning: conflicting types for 'InitExtiLine'
 void InitExtiLine(uint32_t value) {
      ^~~~~~~~~~~~
..\src\main.c:84:2: note: previous implicit declaration of 'InitExtiLine' was here
  InitExtiLine(EXTI_Line0);
  ^~~~~~~~~~~~
..\src\main.c: In function 'main':
..\src\main.c:132:3: warning: implicit declaration of function 'printf' [-Wimplicit-function-declaration]
   printf("Error in init system tick"); // noch erro per can?! allgemeine status bits?
   ^~~~~~
..\src\main.c:132:3: warning: incompatible implicit declaration of built-in function 'printf'
..\src\main.c:132:3: note: include '<stdio.h>' or provide a declaration of 'printf'
arm-atollic-eabi-gcc -o CPIOng.elf Libraries\STM32F10x_StdPeriph_Driver\src\misc.o Libraries\STM32F10x_StdPeriph_Driver\src\stm32f10x_adc.o Libraries\STM32F10x_StdPeriph_Driver\src\stm32f10x_bkp.o Libraries\STM32F10x_StdPeriph_Driver\src\stm32f10x_can.o Libraries\STM32F10x_StdPeriph_Driver\src\stm32f10x_cec.o Libraries\STM32F10x_StdPeriph_Driver\src\stm32f10x_crc.o Libraries\STM32F10x_StdPeriph_Driver\src\stm32f10x_dac.o Libraries\STM32F10x_StdPeriph_Driver\src\stm32f10x_dbgmcu.o Libraries\STM32F10x_StdPeriph_Driver\src\stm32f10x_dma.o Libraries\STM32F10x_StdPeriph_Driver\src\stm32f10x_exti.o Libraries\STM32F10x_StdPeriph_Driver\src\stm32f10x_flash.o Libraries\STM32F10x_StdPeriph_Driver\src\stm32f10x_fsmc.o Libraries\STM32F10x_StdPeriph_Driver\src\stm32f10x_gpio.o Libraries\STM32F10x_StdPeriph_Driver\src\stm32f10x_i2c.o Libraries\STM32F10x_StdPeriph_Driver\src\stm32f10x_iwdg.o Libraries\STM32F10x_StdPeriph_Driver\src\stm32f10x_pwr.o Libraries\STM32F10x_StdPeriph_Driver\src\stm32f10x_rcc.o Libraries\STM32F10x_StdPeriph_Driver\src\stm32f10x_rtc.o Libraries\STM32F10x_StdPeriph_Driver\src\stm32f10x_sdio.o Libraries\STM32F10x_StdPeriph_Driver\src\stm32f10x_spi.o Libraries\STM32F10x_StdPeriph_Driver\src\stm32f10x_tim.o Libraries\STM32F10x_StdPeriph_Driver\src\stm32f10x_usart.o Libraries\STM32F10x_StdPeriph_Driver\src\stm32f10x_wwdg.o src\Can.o src\main.o src\startup_stm32f10x_cl.o src\stm32f1xx_it.o src\system_stm32f10x.o src\tiny_printf.o -mthumb -mcpu=cortex-m3 -T../stm32_flash.ld -specs=nosys.specs -static -Wl,-cref,-u,Reset_Handler -Wl,-Map=CPIOng.map -Wl,--gc-sections -Wl,--defsym=malloc_getpagesize_P=0x80 -Wl,--start-group -lc -lm -Wl,--end-group -specs=nano.specs 
C:\Program Files (x86)\Atollic\TrueSTUDIO for STM32 9.1.0\ide\jre\bin\java -jar C:\Program Files (x86)\Atollic\TrueSTUDIO for STM32 9.1.0\Tools\arm-atollic-reports.jar sizeinfo list CPIOng.elf 
Generate build reports...
Print size information
   text	   data	    bss	    dec	    hex	filename
   7728	     12	    580	   8320	   2080	CPIOng.elf
Print size information done
Generate listing file
Output sent to: CPIOng.list
Generate listing file done
Generate build reports done
10:39:12 **** Incremental Build of configuration Debug for project CPIOng ****
Info: Internal Builder is used for build
arm-atollic-eabi-gcc -c ..\src\stm32f1xx_it.c -mthumb -mcpu=cortex-m3 -std=gnu11 -DSTM32F10X_CL -DUSE_STDPERIPH_DRIVER -I../src -I../Libraries/STM32F10x_StdPeriph_Driver/inc -I../Libraries/CMSIS/Device/ST/STM32F10x/Include -I../Libraries/CMSIS/Include -O0 -ffunction-sections -fdata-sections -g -fstack-usage -Wall -specs=nano.specs -o src\stm32f1xx_it.o 
..\src\stm32f1xx_it.c: In function 'SanCanAlive':
..\src\stm32f1xx_it.c:60:3: warning: implicit declaration of function 'SendCan' [-Wimplicit-function-declaration]
   SendCan(0x123, p, 8);
   ^~~~~~~
..\src\stm32f1xx_it.c: At top level:
..\src\stm32f1xx_it.c:64:6: warning: conflicting types for 'SendCan'
 void SendCan(uint32_t id, uint8_t data[], uint8_t len) {
      ^~~~~~~
..\src\stm32f1xx_it.c:60:3: note: previous implicit declaration of 'SendCan' was here
   SendCan(0x123, p, 8);
   ^~~~~~~
..\src\stm32f1xx_it.c: In function 'SendCan':
..\src\stm32f1xx_it.c:74:2: warning: implicit declaration of function 'memcpy' [-Wimplicit-function-declaration]
  memcpy(canMessage.Data, data, len * sizeof(uint8_t));
  ^~~~~~
..\src\stm32f1xx_it.c:74:2: warning: incompatible implicit declaration of built-in function 'memcpy'
..\src\stm32f1xx_it.c:74:2: note: include '<string.h>' or provide a declaration of 'memcpy'
..\src\stm32f1xx_it.c: In function 'SendTimeInfo':
..\src\stm32f1xx_it.c:111:2: warning: implicit declaration of function 'printf' [-Wimplicit-function-declaration]
  printf("Rising edge on .... In %d %d \n", channel, res);
  ^~~~~~
..\src\stm32f1xx_it.c:111:2: warning: incompatible implicit declaration of built-in function 'printf'
..\src\stm32f1xx_it.c:111:2: note: include '<stdio.h>' or provide a declaration of 'printf'
..\src\stm32f1xx_it.c:111:37: warning: format '%d' expects argument of type 'int', but argument 3 has type 'uint32_t {aka long unsigned int}' [-Wformat=]
  printf("Rising edge on .... In %d %d \n", channel, res);
                                     ^
..\src\stm32f1xx_it.c: In function 'EXTI0_IRQHandler':
..\src\stm32f1xx_it.c:117:2: warning: incompatible implicit declaration of built-in function 'printf'
  printf("Rising edge on .... In 0\n");
  ^~~~~~
..\src\stm32f1xx_it.c:117:2: note: include '<stdio.h>' or provide a declaration of 'printf'
..\src\stm32f1xx_it.c: In function 'CAN2_RX0_IRQHandler':
..\src\stm32f1xx_it.c:197:2: warning: incompatible implicit declaration of built-in function 'printf'
  printf("receive can 2 interrupt\n");
  ^~~~~~
..\src\stm32f1xx_it.c:197:2: note: include '<stdio.h>' or provide a declaration of 'printf'
arm-atollic-eabi-gcc -o CPIOng.elf Libraries\STM32F10x_StdPeriph_Driver\src\misc.o Libraries\STM32F10x_StdPeriph_Driver\src\stm32f10x_adc.o Libraries\STM32F10x_StdPeriph_Driver\src\stm32f10x_bkp.o Libraries\STM32F10x_StdPeriph_Driver\src\stm32f10x_can.o Libraries\STM32F10x_StdPeriph_Driver\src\stm32f10x_cec.o Libraries\STM32F10x_StdPeriph_Driver\src\stm32f10x_crc.o Libraries\STM32F10x_StdPeriph_Driver\src\stm32f10x_dac.o Libraries\STM32F10x_StdPeriph_Driver\src\stm32f10x_dbgmcu.o Libraries\STM32F10x_StdPeriph_Driver\src\stm32f10x_dma.o Libraries\STM32F10x_StdPeriph_Driver\src\stm32f10x_exti.o Libraries\STM32F10x_StdPeriph_Driver\src\stm32f10x_flash.o Libraries\STM32F10x_StdPeriph_Driver\src\stm32f10x_fsmc.o Libraries\STM32F10x_StdPeriph_Driver\src\stm32f10x_gpio.o Libraries\STM32F10x_StdPeriph_Driver\src\stm32f10x_i2c.o Libraries\STM32F10x_StdPeriph_Driver\src\stm32f10x_iwdg.o Libraries\STM32F10x_StdPeriph_Driver\src\stm32f10x_pwr.o Libraries\STM32F10x_StdPeriph_Driver\src\stm32f10x_rcc.o Libraries\STM32F10x_StdPeriph_Driver\src\stm32f10x_rtc.o Libraries\STM32F10x_StdPeriph_Driver\src\stm32f10x_sdio.o Libraries\STM32F10x_StdPeriph_Driver\src\stm32f10x_spi.o Libraries\STM32F10x_StdPeriph_Driver\src\stm32f10x_tim.o Libraries\STM32F10x_StdPeriph_Driver\src\stm32f10x_usart.o Libraries\STM32F10x_StdPeriph_Driver\src\stm32f10x_wwdg.o src\Can.o src\main.o src\startup_stm32f10x_cl.o src\stm32f1xx_it.o src\system_stm32f10x.o src\tiny_printf.o -mthumb -mcpu=cortex-m3 -T../stm32_flash.ld -specs=nosys.specs -static -Wl,-cref,-u,Reset_Handler -Wl,-Map=CPIOng.map -Wl,--gc-sections -Wl,--defsym=malloc_getpagesize_P=0x80 -Wl,--start-group -lc -lm -Wl,--end-group -specs=nano.specs 
C:\Program Files (x86)\Atollic\TrueSTUDIO for STM32 9.1.0\ide\jre\bin\java -jar C:\Program Files (x86)\Atollic\TrueSTUDIO for STM32 9.1.0\Tools\arm-atollic-reports.jar sizeinfo list CPIOng.elf 
Generate build reports...
Print size information
   text	   data	    bss	    dec	    hex	filename
   7728	     12	    580	   8320	   2080	CPIOng.elf
Print size information done
Generate listing file
Output sent to: CPIOng.list
Generate listing file done
Generate build reports done
10:39:56 **** Incremental Build of configuration Debug for project CPIOng ****
Info: Internal Builder is used for build
arm-atollic-eabi-gcc -c ..\src\main.c -mthumb -mcpu=cortex-m3 -std=gnu11 -DSTM32F10X_CL -DUSE_STDPERIPH_DRIVER -I../src -I../Libraries/STM32F10x_StdPeriph_Driver/inc -I../Libraries/CMSIS/Device/ST/STM32F10x/Include -I../Libraries/CMSIS/Include -O0 -ffunction-sections -fdata-sections -g -fstack-usage -Wall -specs=nano.specs -o src\main.o 
..\src\main.c: In function 'InitInputs':
..\src\main.c:84:2: warning: implicit declaration of function 'InitExtiLine' [-Wimplicit-function-declaration]
  InitExtiLine(EXTI_Line0);
  ^~~~~~~~~~~~
..\src\main.c: At top level:
..\src\main.c:109:6: warning: conflicting types for 'InitExtiLine'
 void InitExtiLine(uint32_t value) {
      ^~~~~~~~~~~~
..\src\main.c:84:2: note: previous implicit declaration of 'InitExtiLine' was here
  InitExtiLine(EXTI_Line0);
  ^~~~~~~~~~~~
..\src\main.c: In function 'main':
..\src\main.c:132:3: warning: implicit declaration of function 'printf' [-Wimplicit-function-declaration]
   printf("Error in init system tick"); // noch erro per can?! allgemeine status bits?
   ^~~~~~
..\src\main.c:132:3: warning: incompatible implicit declaration of built-in function 'printf'
..\src\main.c:132:3: note: include '<stdio.h>' or provide a declaration of 'printf'
arm-atollic-eabi-gcc -o CPIOng.elf Libraries\STM32F10x_StdPeriph_Driver\src\misc.o Libraries\STM32F10x_StdPeriph_Driver\src\stm32f10x_adc.o Libraries\STM32F10x_StdPeriph_Driver\src\stm32f10x_bkp.o Libraries\STM32F10x_StdPeriph_Driver\src\stm32f10x_can.o Libraries\STM32F10x_StdPeriph_Driver\src\stm32f10x_cec.o Libraries\STM32F10x_StdPeriph_Driver\src\stm32f10x_crc.o Libraries\STM32F10x_StdPeriph_Driver\src\stm32f10x_dac.o Libraries\STM32F10x_StdPeriph_Driver\src\stm32f10x_dbgmcu.o Libraries\STM32F10x_StdPeriph_Driver\src\stm32f10x_dma.o Libraries\STM32F10x_StdPeriph_Driver\src\stm32f10x_exti.o Libraries\STM32F10x_StdPeriph_Driver\src\stm32f10x_flash.o Libraries\STM32F10x_StdPeriph_Driver\src\stm32f10x_fsmc.o Libraries\STM32F10x_StdPeriph_Driver\src\stm32f10x_gpio.o Libraries\STM32F10x_StdPeriph_Driver\src\stm32f10x_i2c.o Libraries\STM32F10x_StdPeriph_Driver\src\stm32f10x_iwdg.o Libraries\STM32F10x_StdPeriph_Driver\src\stm32f10x_pwr.o Libraries\STM32F10x_StdPeriph_Driver\src\stm32f10x_rcc.o Libraries\STM32F10x_StdPeriph_Driver\src\stm32f10x_rtc.o Libraries\STM32F10x_StdPeriph_Driver\src\stm32f10x_sdio.o Libraries\STM32F10x_StdPeriph_Driver\src\stm32f10x_spi.o Libraries\STM32F10x_StdPeriph_Driver\src\stm32f10x_tim.o Libraries\STM32F10x_StdPeriph_Driver\src\stm32f10x_usart.o Libraries\STM32F10x_StdPeriph_Driver\src\stm32f10x_wwdg.o src\Can.o src\main.o src\startup_stm32f10x_cl.o src\stm32f1xx_it.o src\system_stm32f10x.o src\tiny_printf.o -mthumb -mcpu=cortex-m3 -T../stm32_flash.ld -specs=nosys.specs -static -Wl,-cref,-u,Reset_Handler -Wl,-Map=CPIOng.map -Wl,--gc-sections -Wl,--defsym=malloc_getpagesize_P=0x80 -Wl,--start-group -lc -lm -Wl,--end-group -specs=nano.specs 
C:\Program Files (x86)\Atollic\TrueSTUDIO for STM32 9.1.0\ide\jre\bin\java -jar C:\Program Files (x86)\Atollic\TrueSTUDIO for STM32 9.1.0\Tools\arm-atollic-reports.jar sizeinfo list CPIOng.elf 
Generate build reports...
Print size information
   text	   data	    bss	    dec	    hex	filename
   7728	     12	    580	   8320	   2080	CPIOng.elf
Print size information done
Generate listing file
Output sent to: CPIOng.list
Generate listing file done
Generate build reports done
